# file opened: /Users/diegovinals/Desktop/OneDrive - UFV/2 Curso/1 Cuatri/AOC 2021-2022/Laboratorio/PintarMapa/niveles_basicos.asm
 1    0000              ;--------------------------------------------------------------------------------------
 2    0000              ; Sokoban autogenerated map data from standard maps
 3    0000              ; Check http://borgar.net/programs/sokoban/levels/Sokoban.html for more original levels
 4    0000              ;
 5    0000              ; Converter in Python by Daniel Leon (UFV) for AOC 2021/2022
 6    0000              ;--------------------------------------------------------------------------------------
 7    0000              ; MAP ENCODING:
 8    0000              ;   bit 7: (0): no Wall tile, (1) Wall tile
 9    0000              ;   bit 6: (0): tile is not a destination, (1) tile is a box destination (goal)
10    0000              ;   bit 5: (0): tile does not have a box, (1) tile has a box
11    0000              ;   bit 4: (0): tile does not contain player, (1) tile contains player
12    0000              ;   bit 3: (0): tile is valid, (1) Tile is exterior
13    0000              ;   bits 2..0 : Reserved
14    0000              ;--------------------------------------------------------------------------------------
15    0000
16    0000
17    0000 06 00 6A 00  maplist: DEFW level1, level2, 0
17    0004 00 00
18    0006
19    0006 05 13        level1: DEFB 5, 19  ; Map Size Y, Size X
20    0008 02 01                DEFB 2, 1  ; Initial man position Y,X
21    000A 01                   DEFB 1  ; number of goals for this level
22    000B 80 08 08 08          DEFB $80, $08, $08, $08, $08, $08, $08, $08, $80, $80, $80, $80, $80, $80, $80, $80, $80, $80, $80  ; Map data, 1 DEFB per map row
22    000F 08 08 08 08
22    0013 80 80 80 80
22    0017 80 80 80 80
22    001B 80 80 80
23    001E 80 80 80 80          DEFB $80, $80, $80, $80, $80, $80, $80, $80, $80, $00, $00, $00, $00, $00, $00, $00, $00, $40, $80
23    0022 80 80 80 80
23    0026 80 00 00 00
23    002A 00 00 00 00
23    002E 00 40 80
24    0031 80 10 00 00          DEFB $80, $10, $00, $00, $00, $00, $00, $00, $00, $00, $20, $80, $80, $80, $80, $80, $80, $80, $80
24    0035 00 00 00 00
24    0039 00 00 20 80
24    003D 80 80 80 80
24    0041 80 80 80
25    0044 80 80 80 80          DEFB $80, $80, $80, $80, $80, $80, $80, $80, $80, $00, $00, $80, $08, $08, $08, $08, $08, $08, $08
25    0048 80 80 80 80
25    004C 80 00 00 80
25    0050 08 08 08 08
25    0054 08 08 08
26    0057 08 08 08 08          DEFB $08, $08, $08, $08, $08, $08, $08, $08, $80, $80, $80, $80, $08, $08, $08, $08, $08, $08, $08
26    005B 08 08 08 08
26    005F 80 80 80 80
26    0063 08 08 08 08
26    0067 08 08 08
27    006A
28    006A                      ;               ###########
29    006A                      ;       #########        .#
30    006A                      ;       #@        $########
31    006A                      ;       #########  #
32    006A                      ;               ####
33    006A
34    006A
35    006A 0B 13        level2: DEFB 11, 19  ; Map Size Y, Size X
36    006C 08 0B                DEFB 8, 11  ; Initial man position Y,X
37    006E 06                   DEFB 6  ; number of goals for this level
38    006F 08 08 08 08          DEFB $08, $08, $08, $08, $80, $80, $80, $80, $80, $08, $08, $08, $08, $08, $08, $08, $08, $08, $08  ; Map data, 1 DEFB per map row
38    0073 80 80 80 80
38    0077 80 08 08 08
38    007B 08 08 08 08
38    007F 08 08 08
39    0082 08 08 08 08          DEFB $08, $08, $08, $08, $80, $00, $00, $00, $80, $08, $08, $08, $08, $08, $08, $08, $08, $08, $08
39    0086 80 00 00 00
39    008A 80 08 08 08
39    008E 08 08 08 08
39    0092 08 08 08
40    0095 08 08 08 08          DEFB $08, $08, $08, $08, $80, $20, $00, $00, $80, $08, $08, $08, $08, $08, $08, $08, $08, $08, $08
40    0099 80 20 00 00
40    009D 80 08 08 08
40    00A1 08 08 08 08
40    00A5 08 08 08
41    00A8 08 08 80 80          DEFB $08, $08, $80, $80, $80, $00, $00, $20, $80, $80, $08, $08, $08, $08, $08, $08, $08, $08, $08
41    00AC 80 00 00 20
41    00B0 80 80 08 08
41    00B4 08 08 08 08
41    00B8 08 08 08
42    00BB 08 08 80 00          DEFB $08, $08, $80, $00, $00, $20, $00, $20, $00, $80, $08, $08, $08, $08, $08, $08, $08, $08, $08
42    00BF 00 20 00 20
42    00C3 00 80 08 08
42    00C7 08 08 08 08
42    00CB 08 08 08
43    00CE 80 80 80 00          DEFB $80, $80, $80, $00, $80, $00, $80, $80, $00, $80, $08, $08, $08, $80, $80, $80, $80, $80, $80
43    00D2 80 00 80 80
43    00D6 00 80 08 08
43    00DA 08 80 80 80
43    00DE 80 80 80
44    00E1 80 00 00 00          DEFB $80, $00, $00, $00, $80, $00, $80, $80, $00, $80, $80, $80, $80, $80, $00, $00, $40, $40, $80
44    00E5 80 00 80 80
44    00E9 00 80 80 80
44    00ED 80 80 00 00
44    00F1 40 40 80
45    00F4 80 00 20 00          DEFB $80, $00, $20, $00, $00, $20, $00, $00, $00, $00, $00, $00, $00, $00, $00, $00, $40, $40, $80
45    00F8 00 20 00 00
45    00FC 00 00 00 00
45    0100 00 00 00 00
45    0104 40 40 80
46    0107 80 80 80 80          DEFB $80, $80, $80, $80, $80, $00, $80, $80, $80, $00, $80, $10, $80, $80, $00, $00, $40, $40, $80
46    010B 80 00 80 80
46    010F 80 00 80 10
46    0113 80 80 00 00
46    0117 40 40 80
47    011A 08 08 08 08          DEFB $08, $08, $08, $08, $80, $00, $00, $00, $00, $00, $80, $80, $80, $80, $80, $80, $80, $80, $80
47    011E 80 00 00 00
47    0122 00 00 80 80
47    0126 80 80 80 80
47    012A 80 80 80
48    012D 08 08 08 08          DEFB $08, $08, $08, $08, $80, $80, $80, $80, $80, $80, $80, $08, $08, $08, $08, $08, $08, $08, $08
48    0131 80 80 80 80
48    0135 80 80 80 08
48    0139 08 08 08 08
48    013D 08 08 08
49    0140
50    0140                      ;           #####
51    0140                      ;           #   #
52    0140                      ;           #$  #
53    0140                      ;         ###  $##
54    0140                      ;         #  $ $ #
55    0140                      ;       ### # ## #   ######
56    0140                      ;       #   # ## #####  ..#
57    0140                      ;       # $  $          ..#
58    0140                      ;       ##### ### #@##  ..#
59    0140                      ;           #     #########
60    0140                      ;           #######
# file closed: /Users/diegovinals/Desktop/OneDrive - UFV/2 Curso/1 Cuatri/AOC 2021-2022/Laboratorio/PintarMapa/niveles_basicos.asm
