# file opened: /Users/diegovinals/Desktop/OneDrive - UFV/2 Curso/1 Cuatri/AOC 2021-2022/Laboratorio/PintarMapa/pintarMapa.asm
  1   0000
  2   0000                      DEVICE ZXSPECTRUM48     ; Esto es una directiva
  3   0000                      SLDOPT COMMENT WPMEM, LOGPOINT, ASSERTION
  4   0000                      org $8000               ; Programa ubicado a partir de $8000 = 32768. ESTO TAMBIEN ES UNA DIRECTIVA
  5   8000
  6   8000              inicio:
  7   8000 F3                   di
  8   8001 31 00 00             ld sp, 0
  9   8004
 10   8004
 11   8004                      ; $40 es destino        BLANCO
 12   8004                      ; $10 es jugador        CYAN
 13   8004                      ; $08 no valido         NEGRO (todo el fondo)
 14   8004                      ; $20 es una caja       AMARILLO
 15   8004                      ; $80 es muro           ROJO
 16   8004
 17   8004 DD 21 F0 80          ld ix , level2          ; el mapa a pintar en ix
 18   8008 CD 0D 80             call pintarMapa         ; Llamamos a pintarMapa y pinta el mapa que hemos puesto en ix
 19   800B
 20   800B 18 FE        fin:    jr fin
 21   800D
 22   800D
 23   800D              funciones:
 24   800D                      include funciones.asm
# file opened: /Users/diegovinals/Desktop/OneDrive - UFV/2 Curso/1 Cuatri/AOC 2021-2022/Laboratorio/PintarMapa/funciones.asm
  1+  800D
  2+  800D              ; -------------- FUNCION QUE PINTA EL NIVEL IX DE NIVELES_BASICOS ---------------
  3+  800D              pintarMapa:
  4+  800D 0E 00                ld c, 0 ; posicion y
  5+  800F 06 00                ld b, 0 ; posicion x
  6+  8011
  7+  8011 DD 56 00             ld d , (ix) ; tamaño en y del mapa
  8+  8014 DD 5E 01             ld e, (ix + 1) ; tamaño en x del mapa
  9+  8017              bucle3:
 10+  8017              ; -------------- switch --------------
 11+  8017
 12+  8017 78                   ld a , b                ; Metemos b (posicion del cuadrado) en a, para ver cuando se ha llegado al final de la fila
 13+  8018 BB                   cp e                    ; Si llegamos al final de la fila, (comparar con e, tamaño en x del mapa)
 14+  8019 28 4C                jr z, cambiarFila       ; cambiamos de fila
 15+  801B              volver:
 16+  801B 79                   ld a , c                ; Lo mismo que con el tamaño en x, pero en y
 17+  801C BA                   cp d                    ; Comparamos con el tamaño de y
 18+  801D 28 4D                jr z, salirFuncion      ; Si hemos llegado a la ultima fila, salimos de la funcion, ya que hemos acabado
 19+  801F
 20+  801F DD 7E 05             ld a, (ix + 5)          ; Guardamos en a el primer cuadrado del mapa, para comparar
 21+  8022 FE 08                cp $08                  ; Comparamos a con $08
 22+  8024 20 02                jr nz, comparar3        ; si no es $08, saltamos a comparar el siguiente
 23+  8026 18 34                jr fin_switch           ; si es $08, vamos al final del switch
 24+  8028
 25+  8028              comparar3:
 26+  8028                      ; si es $40
 27+  8028 FE 40                cp $40                  ; Comparamos a con $40
 28+  802A 20 09                jr nz, comparar5        ; Si no es $40, saltamos al siguiente a comparar
 29+  802C F5                   push af                 ; Si si que es 40, metemos a en una pila, para poder pintar
 30+  802D 3E 07                ld a , 7                ; guardamos en a el color del cuadrado a pintar
 31+  802F CD 6D 80             call pintar             ; llamamos a pintar con las coordenadas b y c, y el color a
 32+  8032 F1                   pop af                  ; sacamos de la pila a
 33+  8033 18 27                jr fin_switch           ; vamos al final del switch
 34+  8035
 35+  8035              comparar5:
 36+  8035                      ; si es $10
 37+  8035 FE 10                cp $10                  ; Comparamos con $10
 38+  8037 20 09                jr nz, comparar6        ; si no es $10, saltamos al siguiente a comparars
 39+  8039 F5                   push af                 ; si si que es $10, metemos en la pila a, para guardar el cuadrado
 40+  803A 3E 01                ld a , 1                ; Guardamos en a el color del cuadrado a pintar
 41+  803C CD 6D 80             call pintar             ; Pintamos el cuadrado
 42+  803F F1                   pop af                  ; Sacamos de la pila a
 43+  8040 18 1A                jr fin_switch           ; Vamos al final del switch
 44+  8042
 45+  8042              comparar6:
 46+  8042                      ; si es $20
 47+  8042 FE 20                cp $20                  ; Comparamos con $20
 48+  8044 20 09                jr nz, comparar7        ; Si no es $20, saltamos al siguiente comparar
 49+  8046 F5                   push af                 ; Metemos en la pila a
 50+  8047 3E 06                ld a , 6                ; Guardamos en a el color a pintar del cuadrado
 51+  8049 CD 6D 80             call pintar             ; Pintamos el cuadrado
 52+  804C F1                   pop af                  ; Sacamos de la pila
 53+  804D 18 0D                jr fin_switch           ; Vamos al final del switch
 54+  804F              comparar7:
 55+  804F                      ; si es $80
 56+  804F FE 80                cp $80                  ; Comparamos con $80
 57+  8051 20 09                jr nz, fin_switch       ; Si no es $80, vamos al final del switch
 58+  8053 F5                   push af                 ; Metemos en la pila a
 59+  8054 3E 02                ld a , 2                ; Guardamos en a el color a pintar del cuadrado
 60+  8056 CD 6D 80             call pintar             ; Pintamos el cuadrado
 61+  8059 F1                   pop af                  ; Sacamos de la pila a
 62+  805A 18 00                jr fin_switch           ; Vamos al final del switch
 63+  805C
 64+  805C
 65+  805C              fin_switch:
 66+  805C
 67+  805C 04                   inc b                   ; Incrementamos b, que es la coordenada x del cuadrado a pinar
 68+  805D DD 23                inc ix                  ; Incrementamos ix, pasamos al siguiente numero del array del nivel
 69+  805F F5                   push af                 ; Metemos en la pila a
 70+  8060 7C                   ld a , h                ; Metemos h en a, para comparar
 71+  8061 FE 5B                cp $5b                  ; Comparamos con $5b
 72+  8063 F1                   pop af                  ; Sacamos de la pila af
 73+  8064 20 B1                jr nz, bucle3           ; Si no hemos acabado el bucle, saltamos a bucle3, que es el bucle del while
 74+  8066 C9                   ret                     ; Si hemos acabado, retornamos a donde estabamos
 75+  8067
 76+  8067              cambiarFila:
 77+  8067
 78+  8067 06 00                ld b, 0                 ; Si hemos cambiado de fila,ponemos b en 0
 79+  8069 0C                   inc c                   ; e incrementamos c (coordenada y)
 80+  806A 18 AF                jr volver               ; saltamos a volver, donde estabamos antes de cambiar fila
 81+  806C
 82+  806C              salirFuncion:
 83+  806C C9                   ret                     ; Salimos de la funcion
 84+  806D
 85+  806D              ; -------- FUNCION QUE PINTA UN CUADRO EN LAS COORDENADAS B Y C, Y DE COLOR A---------
 86+  806D              pintar:
 87+  806D
 88+  806D D5                   push de
 89+  806E E5                   push hl
 90+  806F
 91+  806F 26 00                ld h, 0
 92+  8071 69                   ld l, c
 93+  8072
 94+  8072 29                   add hl, hl
 95+  8073 29                   add hl, hl
 96+  8074 29                   add hl, hl
 97+  8075 29                   add hl, hl
 98+  8076 29                   add hl, hl
 99+  8077
100+  8077 16 00                ld d, 0
101+  8079 58                   ld e ,b
102+  807A 19                   add hl, de
103+  807B 11 00 58             ld de, $5800
104+  807E 19                   add hl, de
105+  807F
106+  807F 87                   add a
107+  8080 87                   add a
108+  8081 87                   add a
109+  8082
110+  8082 77                   ld (hl), a
111+  8083 E1                   pop hl
112+  8084 D1                   pop de
113+  8085 C9                   ret
114+  8086
# file closed: /Users/diegovinals/Desktop/OneDrive - UFV/2 Curso/1 Cuatri/AOC 2021-2022/Laboratorio/PintarMapa/funciones.asm
 25   8086              niveles:
 26   8086                      include niveles_basicos.asm
# file opened: /Users/diegovinals/Desktop/OneDrive - UFV/2 Curso/1 Cuatri/AOC 2021-2022/Laboratorio/PintarMapa/niveles_basicos.asm
  1+  8086              ;--------------------------------------------------------------------------------------
  2+  8086              ; Sokoban autogenerated map data from standard maps
  3+  8086              ; Check http://borgar.net/programs/sokoban/levels/Sokoban.html for more original levels
  4+  8086              ;
  5+  8086              ; Converter in Python by Daniel Leon (UFV) for AOC 2021/2022
  6+  8086              ;--------------------------------------------------------------------------------------
  7+  8086              ; MAP ENCODING:
  8+  8086              ;   bit 7: (0): no Wall tile, (1) Wall tile
  9+  8086              ;   bit 6: (0): tile is not a destination, (1) tile is a box destination (goal)
 10+  8086              ;   bit 5: (0): tile does not have a box, (1) tile has a box
 11+  8086              ;   bit 4: (0): tile does not contain player, (1) tile contains player
 12+  8086              ;   bit 3: (0): tile is valid, (1) Tile is exterior
 13+  8086              ;   bits 2..0 : Reserved
 14+  8086              ;--------------------------------------------------------------------------------------
 15+  8086
 16+  8086
 17+  8086 8C 80 F0 80  maplist: DEFW level1, level2, 0
 17+  808A 00 00
 18+  808C
 19+  808C 05 13        level1: DEFB 5, 19  ; Map Size Y, Size X
 20+  808E 02 01                DEFB 2, 1  ; Initial man position Y,X
 21+  8090 01                   DEFB 1  ; number of goals for this level
 22+  8091 08 08 08 08          DEFB $08, $08, $08, $08, $08, $08, $08, $08, $80, $80, $80, $80, $80, $80, $80, $80, $80, $80, $80  ; Map data, 1 DEFB per map row
 22+  8095 08 08 08 08
 22+  8099 80 80 80 80
 22+  809D 80 80 80 80
 22+  80A1 80 80 80
 23+  80A4 80 80 80 80          DEFB $80, $80, $80, $80, $80, $80, $80, $80, $80, $00, $00, $00, $00, $00, $00, $00, $00, $40, $80
 23+  80A8 80 80 80 80
 23+  80AC 80 00 00 00
 23+  80B0 00 00 00 00
 23+  80B4 00 40 80
 24+  80B7 80 10 00 00          DEFB $80, $10, $00, $00, $00, $00, $00, $00, $00, $00, $20, $80, $80, $80, $80, $80, $80, $80, $80
 24+  80BB 00 00 00 00
 24+  80BF 00 00 20 80
 24+  80C3 80 80 80 80
 24+  80C7 80 80 80
 25+  80CA 80 80 80 80          DEFB $80, $80, $80, $80, $80, $80, $80, $80, $80, $00, $00, $80, $08, $08, $08, $08, $08, $08, $08
 25+  80CE 80 80 80 80
 25+  80D2 80 00 00 80
 25+  80D6 08 08 08 08
 25+  80DA 08 08 08
 26+  80DD 08 08 08 08          DEFB $08, $08, $08, $08, $08, $08, $08, $08, $80, $80, $80, $80, $08, $08, $08, $08, $08, $08, $08
 26+  80E1 08 08 08 08
 26+  80E5 80 80 80 80
 26+  80E9 08 08 08 08
 26+  80ED 08 08 08
 27+  80F0
 28+  80F0                      ;               ###########
 29+  80F0                      ;       #########        .#
 30+  80F0                      ;       #@        $########
 31+  80F0                      ;       #########  #
 32+  80F0                      ;               ####
 33+  80F0
 34+  80F0
 35+  80F0 0B 13        level2: DEFB 11, 19  ; Map Size Y, Size X
 36+  80F2 08 0B                DEFB 8, 11  ; Initial man position Y,X
 37+  80F4 06                   DEFB 6  ; number of goals for this level
 38+  80F5 08 08 08 08          DEFB $08, $08, $08, $08, $80, $80, $80, $80, $80, $08, $08, $08, $08, $08, $08, $08, $08, $08, $08  ; Map data, 1 DEFB per map row
 38+  80F9 80 80 80 80
 38+  80FD 80 08 08 08
 38+  8101 08 08 08 08
 38+  8105 08 08 08
 39+  8108 08 08 08 08          DEFB $08, $08, $08, $08, $80, $00, $00, $00, $80, $08, $08, $08, $08, $08, $08, $08, $08, $08, $08
 39+  810C 80 00 00 00
 39+  8110 80 08 08 08
 39+  8114 08 08 08 08
 39+  8118 08 08 08
 40+  811B 08 08 08 08          DEFB $08, $08, $08, $08, $80, $20, $00, $00, $80, $08, $08, $08, $08, $08, $08, $08, $08, $08, $08
 40+  811F 80 20 00 00
 40+  8123 80 08 08 08
 40+  8127 08 08 08 08
 40+  812B 08 08 08
 41+  812E 08 08 80 80          DEFB $08, $08, $80, $80, $80, $00, $00, $20, $80, $80, $08, $08, $08, $08, $08, $08, $08, $08, $08
 41+  8132 80 00 00 20
 41+  8136 80 80 08 08
 41+  813A 08 08 08 08
 41+  813E 08 08 08
 42+  8141 08 08 80 00          DEFB $08, $08, $80, $00, $00, $20, $00, $20, $00, $80, $08, $08, $08, $08, $08, $08, $08, $08, $08
 42+  8145 00 20 00 20
 42+  8149 00 80 08 08
 42+  814D 08 08 08 08
 42+  8151 08 08 08
 43+  8154 80 80 80 00          DEFB $80, $80, $80, $00, $80, $00, $80, $80, $00, $80, $08, $08, $08, $80, $80, $80, $80, $80, $80
 43+  8158 80 00 80 80
 43+  815C 00 80 08 08
 43+  8160 08 80 80 80
 43+  8164 80 80 80
 44+  8167 80 00 00 00          DEFB $80, $00, $00, $00, $80, $00, $80, $80, $00, $80, $80, $80, $80, $80, $00, $00, $40, $40, $80
 44+  816B 80 00 80 80
 44+  816F 00 80 80 80
 44+  8173 80 80 00 00
 44+  8177 40 40 80
 45+  817A 80 00 20 00          DEFB $80, $00, $20, $00, $00, $20, $00, $00, $00, $00, $00, $00, $00, $00, $00, $00, $40, $40, $80
 45+  817E 00 20 00 00
 45+  8182 00 00 00 00
 45+  8186 00 00 00 00
 45+  818A 40 40 80
 46+  818D 80 80 80 80          DEFB $80, $80, $80, $80, $80, $00, $80, $80, $80, $00, $80, $10, $80, $80, $00, $00, $40, $40, $80
 46+  8191 80 00 80 80
 46+  8195 80 00 80 10
 46+  8199 80 80 00 00
 46+  819D 40 40 80
 47+  81A0 08 08 08 08          DEFB $08, $08, $08, $08, $80, $00, $00, $00, $00, $00, $80, $80, $80, $80, $80, $80, $80, $80, $80
 47+  81A4 80 00 00 00
 47+  81A8 00 00 80 80
 47+  81AC 80 80 80 80
 47+  81B0 80 80 80
 48+  81B3 08 08 08 08          DEFB $08, $08, $08, $08, $80, $80, $80, $80, $80, $80, $80, $08, $08, $08, $08, $08, $08, $08, $08
 48+  81B7 80 80 80 80
 48+  81BB 80 80 80 08
 48+  81BF 08 08 08 08
 48+  81C3 08 08 08
 49+  81C6
 50+  81C6                      ;           #####
 51+  81C6                      ;           #   #
 52+  81C6                      ;           #$  #
 53+  81C6                      ;         ###  $##
 54+  81C6                      ;         #  $ $ #
 55+  81C6                      ;       ### # ## #   ######
 56+  81C6                      ;       #   # ## #####  ..#
 57+  81C6                      ;       # $  $          ..#
 58+  81C6                      ;       ##### ### #@##  ..#
 59+  81C6                      ;           #     #########
 60+  81C6                      ;           #######
# file closed: /Users/diegovinals/Desktop/OneDrive - UFV/2 Curso/1 Cuatri/AOC 2021-2022/Laboratorio/PintarMapa/niveles_basicos.asm
 27   81C6
 28   81C6
# file closed: /Users/diegovinals/Desktop/OneDrive - UFV/2 Curso/1 Cuatri/AOC 2021-2022/Laboratorio/PintarMapa/pintarMapa.asm
