# file opened: /Users/diegovinals/Desktop/OneDrive - UFV/2 Curso/1 Cuatri/AOC 2021-2022/Laboratorio/plantilla_AOC_2021_22_VSCODE/pintarMapa.asm
 1    0000
 2    0000                      DEVICE ZXSPECTRUM48     ; Esto es una directiva
 3    0000                      SLDOPT COMMENT WPMEM, LOGPOINT, ASSERTION
 4    0000                      org $8000               ; Programa ubicado a partir de $8000 = 32768. ESTO TAMBIEN ES UNA DIRECTIVA
 5    8000
 6    8000              inicio:
 7    8000 F3                   di
 8    8001 31 00 00             ld sp, 0
 9    8004
10    8004
11    8004                      ; $40 es destino        BLANCO
12    8004                      ; $10 es jugador        CYAN
13    8004                      ; $08 no valido         NEGRO (todo el fondo)
14    8004                      ; $20 es una caja       AMARILLO
15    8004                      ; $80 es muro           ROJO
16    8004
17    8004
18    8004 21 00 58     while: ld hl, $5800
/Users/diegovinals/Desktop/OneDrive - UFV/2 Curso/1 Cuatri/AOC 2021-2022/Laboratorio/plantilla_AOC_2021_22_VSCODE/pintarMapa.asm(19): warning: value 0x80A6 is truncated to 8bit value: 0xA6
19    8007 06 A6                ld b , level2 + 5
20    8009
21    8009              bucle3:
22    8009              ; -------------- switch --------------
23    8009 78                   ld a, b
24    800A
25    800A                      ; si es 08 no hacemos nada
26    800A FE 08                cp $08
27    800C 20 02                jr nz, comparar3
28    800E                      ;codigo
29    800E                      ; codigo
30    800E 18 20                jr fin_switch
31    8010
32    8010              comparar3:
33    8010                      ; si es $40
34    8010 FE 40                cp $40
35    8012 20 04                jr nz, comparar5
36    8014 36 40                ld (hl), 8*8
37    8016                      ;codigo
38    8016                      ;codigo
39    8016 18 18                jr fin_switch
40    8018
41    8018              comparar5:
42    8018                      ; si es $10
43    8018 FE 10                cp $10
44    801A 20 04                jr nz, comparar6
45    801C 36 28                ld (hl), 5*8
46    801E                      ;codigo
47    801E                      ;codigo
48    801E 18 10                jr fin_switch
49    8020
50    8020              comparar6:
51    8020                      ; si es $20
52    8020 FE 20                cp $20
53    8022 20 04                jr nz, comparar7
54    8024 36 30                ld (hl), 6*8
55    8026                      ; codigo
56    8026 18 08                jr fin_switch
57    8028              comparar7:
58    8028                      ; si es $80
59    8028 FE 80                cp $80
60    802A 20 04                jr nz, fin_switch
61    802C 36 10                ld (hl), 2*8
62    802E                      ; codigo
63    802E 18 00                jr fin_switch
64    8030
65    8030
66    8030              fin_switch:
67    8030 23                   inc hl
68    8031 04                   inc b
69    8032 7C                   ld a , h
70    8033 FE 5B                cp $5b
71    8035 20 D2                jr nz, bucle3
72    8037
73    8037              niveles: include niveles_basicos.asm
# file opened: /Users/diegovinals/Desktop/OneDrive - UFV/2 Curso/1 Cuatri/AOC 2021-2022/Laboratorio/plantilla_AOC_2021_22_VSCODE/niveles_basicos.asm
 1+   8037              ;--------------------------------------------------------------------------------------
 2+   8037              ; Sokoban autogenerated map data from standard maps
 3+   8037              ; Check http://borgar.net/programs/sokoban/levels/Sokoban.html for more original levels
 4+   8037              ;
 5+   8037              ; Converter in Python by Daniel Leon (UFV) for AOC 2021/2022
 6+   8037              ;--------------------------------------------------------------------------------------
 7+   8037              ; MAP ENCODING:
 8+   8037              ;   bit 7: (0): no Wall tile, (1) Wall tile
 9+   8037              ;   bit 6: (0): tile is not a destination, (1) tile is a box destination (goal)
10+   8037              ;   bit 5: (0): tile does not have a box, (1) tile has a box
11+   8037              ;   bit 4: (0): tile does not contain player, (1) tile contains player
12+   8037              ;   bit 3: (0): tile is valid, (1) Tile is exterior
13+   8037              ;   bits 2..0 : Reserved
14+   8037              ;--------------------------------------------------------------------------------------
15+   8037
16+   8037
17+   8037 3D 80 A1 80  maplist: DEFW level1, level2, 0
17+   803B 00 00
18+   803D
19+   803D 05 13        level1: DEFB 5, 19  ; Map Size Y, Size X
20+   803F 02 01                DEFB 2, 1  ; Initial man position Y,X
21+   8041 01                   DEFB 1  ; number of goals for this level
22+   8042 08 08 08 08          DEFB $08, $08, $08, $08, $08, $08, $08, $08, $80, $80, $80, $80, $80, $80, $80, $80, $80, $80, $80  ; Map data, 1 DEFB per map row
22+   8046 08 08 08 08
22+   804A 80 80 80 80
22+   804E 80 80 80 80
22+   8052 80 80 80
23+   8055 80 80 80 80          DEFB $80, $80, $80, $80, $80, $80, $80, $80, $80, $00, $00, $00, $00, $00, $00, $00, $00, $40, $80
23+   8059 80 80 80 80
23+   805D 80 00 00 00
23+   8061 00 00 00 00
23+   8065 00 40 80
24+   8068 80 10 00 00          DEFB $80, $10, $00, $00, $00, $00, $00, $00, $00, $00, $20, $80, $80, $80, $80, $80, $80, $80, $80
24+   806C 00 00 00 00
24+   8070 00 00 20 80
24+   8074 80 80 80 80
24+   8078 80 80 80
25+   807B 80 80 80 80          DEFB $80, $80, $80, $80, $80, $80, $80, $80, $80, $00, $00, $80, $08, $08, $08, $08, $08, $08, $08
25+   807F 80 80 80 80
25+   8083 80 00 00 80
25+   8087 08 08 08 08
25+   808B 08 08 08
26+   808E 08 08 08 08          DEFB $08, $08, $08, $08, $08, $08, $08, $08, $80, $80, $80, $80, $08, $08, $08, $08, $08, $08, $08
26+   8092 08 08 08 08
26+   8096 80 80 80 80
26+   809A 08 08 08 08
26+   809E 08 08 08
27+   80A1
28+   80A1                      ;               ###########
29+   80A1                      ;       #########        .#
30+   80A1                      ;       #@        $########
31+   80A1                      ;       #########  #
32+   80A1                      ;               ####
33+   80A1
34+   80A1
35+   80A1 0B 13        level2: DEFB 11, 19  ; Map Size Y, Size X
36+   80A3 08 0B                DEFB 8, 11  ; Initial man position Y,X
37+   80A5 06                   DEFB 6  ; number of goals for this level
38+   80A6 08 08 08 08          DEFB $08, $08, $08, $08, $80, $80, $80, $80, $80, $08, $08, $08, $08, $08, $08, $08, $08, $08, $08  ; Map data, 1 DEFB per map row
38+   80AA 80 80 80 80
38+   80AE 80 08 08 08
38+   80B2 08 08 08 08
38+   80B6 08 08 08
39+   80B9 08 08 08 08          DEFB $08, $08, $08, $08, $80, $00, $00, $00, $80, $08, $08, $08, $08, $08, $08, $08, $08, $08, $08
39+   80BD 80 00 00 00
39+   80C1 80 08 08 08
39+   80C5 08 08 08 08
39+   80C9 08 08 08
40+   80CC 08 08 08 08          DEFB $08, $08, $08, $08, $80, $20, $00, $00, $80, $08, $08, $08, $08, $08, $08, $08, $08, $08, $08
40+   80D0 80 20 00 00
40+   80D4 80 08 08 08
40+   80D8 08 08 08 08
40+   80DC 08 08 08
41+   80DF 08 08 80 80          DEFB $08, $08, $80, $80, $80, $00, $00, $20, $80, $80, $08, $08, $08, $08, $08, $08, $08, $08, $08
41+   80E3 80 00 00 20
41+   80E7 80 80 08 08
41+   80EB 08 08 08 08
41+   80EF 08 08 08
42+   80F2 08 08 80 00          DEFB $08, $08, $80, $00, $00, $20, $00, $20, $00, $80, $08, $08, $08, $08, $08, $08, $08, $08, $08
42+   80F6 00 20 00 20
42+   80FA 00 80 08 08
42+   80FE 08 08 08 08
42+   8102 08 08 08
43+   8105 80 80 80 00          DEFB $80, $80, $80, $00, $80, $00, $80, $80, $00, $80, $08, $08, $08, $80, $80, $80, $80, $80, $80
43+   8109 80 00 80 80
43+   810D 00 80 08 08
43+   8111 08 80 80 80
43+   8115 80 80 80
44+   8118 80 00 00 00          DEFB $80, $00, $00, $00, $80, $00, $80, $80, $00, $80, $80, $80, $80, $80, $00, $00, $40, $40, $80
44+   811C 80 00 80 80
44+   8120 00 80 80 80
44+   8124 80 80 00 00
44+   8128 40 40 80
45+   812B 80 00 20 00          DEFB $80, $00, $20, $00, $00, $20, $00, $00, $00, $00, $00, $00, $00, $00, $00, $00, $40, $40, $80
45+   812F 00 20 00 00
45+   8133 00 00 00 00
45+   8137 00 00 00 00
45+   813B 40 40 80
46+   813E 80 80 80 80          DEFB $80, $80, $80, $80, $80, $00, $80, $80, $80, $00, $80, $10, $80, $80, $00, $00, $40, $40, $80
46+   8142 80 00 80 80
46+   8146 80 00 80 10
46+   814A 80 80 00 00
46+   814E 40 40 80
47+   8151 08 08 08 08          DEFB $08, $08, $08, $08, $80, $00, $00, $00, $00, $00, $80, $80, $80, $80, $80, $80, $80, $80, $80
47+   8155 80 00 00 00
47+   8159 00 00 80 80
47+   815D 80 80 80 80
47+   8161 80 80 80
48+   8164 08 08 08 08          DEFB $08, $08, $08, $08, $80, $80, $80, $80, $80, $80, $80, $08, $08, $08, $08, $08, $08, $08, $08
48+   8168 80 80 80 80
48+   816C 80 80 80 08
48+   8170 08 08 08 08
48+   8174 08 08 08
49+   8177
50+   8177                      ;           #####
51+   8177                      ;           #   #
52+   8177                      ;           #$  #
53+   8177                      ;         ###  $##
54+   8177                      ;         #  $ $ #
55+   8177                      ;       ### # ## #   ######
56+   8177                      ;       #   # ## #####  ..#
57+   8177                      ;       # $  $          ..#
58+   8177                      ;       ##### ### #@##  ..#
59+   8177                      ;           #     #########
60+   8177                      ;           #######
# file closed: /Users/diegovinals/Desktop/OneDrive - UFV/2 Curso/1 Cuatri/AOC 2021-2022/Laboratorio/plantilla_AOC_2021_22_VSCODE/niveles_basicos.asm
74    8177
# file closed: /Users/diegovinals/Desktop/OneDrive - UFV/2 Curso/1 Cuatri/AOC 2021-2022/Laboratorio/plantilla_AOC_2021_22_VSCODE/pintarMapa.asm
